#
# There is insufficient memory for the Java Runtime Environment to continue.
# Native memory allocation (mmap) failed to map 132120576 bytes for G1 virtual space
# Possible reasons:
#   The system is out of physical RAM or swap space
#   The process is running with CompressedOops enabled, and the Java Heap may be blocking the growth of the native heap
# Possible solutions:
#   Reduce memory load on the system
#   Increase physical memory or swap space
#   Check if swap backing store is full
#   Decrease Java heap size (-Xmx/-Xms)
#   Decrease number of Java threads
#   Decrease Java thread stack sizes (-Xss)
#   Set larger code cache with -XX:ReservedCodeCacheSize=
#   JVM is running with Unscaled Compressed Oops mode in which the Java heap is
#     placed in the first 4GB address space. The Java Heap base address is the
#     maximum limit for the native heap growth. Please use -XX:HeapBaseMinAddress
#     to set the Java Heap base and to place the Java Heap above 4GB virtual address.
# This output file may be truncated or incomplete.
#
#  Out of Memory Error (os_windows.cpp:3466), pid=14492, tid=23572
#
# JRE version:  (16.0+36) (build )
# Java VM: Java HotSpot(TM) 64-Bit Server VM (16+36-2231, mixed mode, sharing, tiered, compressed oops, g1 gc, windows-amd64)
# No core dump will be written. Minidumps are not enabled by default on client versions of Windows
#

---------------  S U M M A R Y ------------

Command Line: -Dfile.encoding=UTF-8 --module-path=D:\Code\MongoDB_DoAn\build\classes Views.javaswingdev.main.Main

Host: Intel(R) Core(TM) i5-10300H CPU @ 2.50GHz, 8 cores, 7G,  Windows 10 , 64 bit Build 22621 (10.0.22621.3958)
Time: Thu Oct 17 02:59:37 2024 SE Asia Standard Time elapsed time: 0.010310 seconds (0d 0h 0m 0s)

---------------  T H R E A D  ---------------

Current thread (0x000002768002f650):  JavaThread "Unknown thread" [_thread_in_vm, id=23572, stack(0x00000081ba300000,0x00000081ba400000)]

Stack: [0x00000081ba300000,0x00000081ba400000]
Native frames: (J=compiled Java code, j=interpreted, Vv=VM code, C=native code)
V  [jvm.dll+0x6681da]
V  [jvm.dll+0x7c9d99]
V  [jvm.dll+0x7cb4d3]
V  [jvm.dll+0x7cbb33]
V  [jvm.dll+0x242ee5]
V  [jvm.dll+0x664f99]
V  [jvm.dll+0x659b85]
V  [jvm.dll+0x2fbfcb]
V  [jvm.dll+0x3031c6]
V  [jvm.dll+0x352a0e]
V  [jvm.dll+0x352c3f]
V  [jvm.dll+0x2d3038]
V  [jvm.dll+0x2d4274]
V  [jvm.dll+0x79c691]
V  [jvm.dll+0x3607b1]
V  [jvm.dll+0x77a370]
V  [jvm.dll+0x3e501f]
V  [jvm.dll+0x3e6af1]
C  [jli.dll+0x52fb]
C  [ucrtbase.dll+0x29333]
C  [KERNEL32.DLL+0x1257d]
C  [ntdll.dll+0x5af08]


---------------  P R O C E S S  ---------------

Threads class SMR info:
_java_thread_list=0x00007fff060dcbb8, length=0, elements={
}

Java Threads: ( => current thread )

Other Threads:
  0x000002768006ff00 GCTaskThread "GC Thread#0" [stack: 0x00000081ba400000,0x00000081ba500000] [id=22560]
  0x0000027680080b40 ConcurrentGCThread "G1 Main Marker" [stack: 0x00000081ba500000,0x00000081ba600000] [id=31568]
  0x00000276800825e0 ConcurrentGCThread "G1 Conc#0" [stack: 0x00000081ba600000,0x00000081ba700000] [id=28016]

[error occurred during error reporting (printing all threads), id 0xc0000005, EXCEPTION_ACCESS_VIOLATION (0xc0000005) at pc=0x00007fff058b3ef7]

VM state: not at safepoint (not fully initialized)

VM Mutex/Monitor currently owned by a thread:  ([mutex/lock_event])
[0x000002768002b7d0] Heap_lock - owner thread: 0x000002768002f650

Heap address: 0x0000000082800000, size: 2008 MB, Compressed Oops mode: 32-bit
CDS archive(s) mapped at: [0x0000000000000000-0x0000000000000000-0x0000000000000000), size 0, SharedBaseAddress: 0x0000000800000000, ArchiveRelocationMode: 0.
Narrow klass base: 0x0000000000000000, Narrow klass shift: 0, Narrow klass range: 0x0

GC Precious Log:
<Empty>

Heap:
 garbage-first heap   total 0K, used 0K [0x0000000082800000, 0x0000000100000000)
  region size 1024K, 0 young (0K), 0 survivors (0K)

[error occurred during error reporting (printing heap information), id 0xc0000005, EXCEPTION_ACCESS_VIOLATION (0xc0000005) at pc=0x00007fff05c91edd]

GC Heap History (0 events):
No events

Deoptimization events (0 events):
No events

Classes unloaded (0 events):
No events

Classes redefined (0 events):
No events

Internal exceptions (0 events):
No events

Events (1 events):
Event: 0.007 Loaded shared library C:\Program Files\Java\jdk-16\bin\java.dll


Dynamic libraries:
0x00007ff7392c0000 - 0x00007ff7392d0000 	C:\Program Files\Java\jdk-16\bin\java.exe
0x00007fff770f0000 - 0x00007fff77307000 	C:\Windows\SYSTEM32\ntdll.dll
0x00007fff767d0000 - 0x00007fff76894000 	C:\Windows\System32\KERNEL32.DLL
0x00007fff74760000 - 0x00007fff74b17000 	C:\Windows\System32\KERNELBASE.dll
0x00007fff74400000 - 0x00007fff74511000 	C:\Windows\System32\ucrtbase.dll
0x00007fff6fd40000 - 0x00007fff6fd59000 	C:\Program Files\Java\jdk-16\bin\VCRUNTIME140.dll
0x00007fff52a10000 - 0x00007fff52a28000 	C:\Program Files\Java\jdk-16\bin\jli.dll
0x00007fff752b0000 - 0x00007fff75362000 	C:\Windows\System32\ADVAPI32.dll
0x00007fff76fd0000 - 0x00007fff77077000 	C:\Windows\System32\msvcrt.dll
0x00007fff76bb0000 - 0x00007fff76c58000 	C:\Windows\System32\sechost.dll
0x00007fff74df0000 - 0x00007fff74e18000 	C:\Windows\System32\bcrypt.dll
0x00007fff76d70000 - 0x00007fff76e84000 	C:\Windows\System32\RPCRT4.dll
0x00007fff76020000 - 0x00007fff761cf000 	C:\Windows\System32\USER32.dll
0x00007fff745a0000 - 0x00007fff745c6000 	C:\Windows\System32\win32u.dll
0x00007fff57cb0000 - 0x00007fff57f43000 	C:\Windows\WinSxS\amd64_microsoft.windows.common-controls_6595b64144ccf1df_6.0.22621.3672_none_2713b9d173822955\COMCTL32.dll
0x00007fff77080000 - 0x00007fff770a9000 	C:\Windows\System32\GDI32.dll
0x00007fff745d0000 - 0x00007fff746e8000 	C:\Windows\System32\gdi32full.dll
0x00007fff74b20000 - 0x00007fff74bba000 	C:\Windows\System32\msvcp_win.dll
0x00007fff6fda0000 - 0x00007fff6fdaa000 	C:\Windows\SYSTEM32\VERSION.dll
0x00007fff76f10000 - 0x00007fff76f41000 	C:\Windows\System32\IMM32.DLL
0x00007fff6fd30000 - 0x00007fff6fd3c000 	C:\Program Files\Java\jdk-16\bin\vcruntime140_1.dll
0x00007fff37a10000 - 0x00007fff37aa1000 	C:\Program Files\Java\jdk-16\bin\msvcp140.dll
0x00007fff055d0000 - 0x00007fff0617b000 	C:\Program Files\Java\jdk-16\bin\server\jvm.dll
0x00007fff76010000 - 0x00007fff76018000 	C:\Windows\System32\PSAPI.DLL
0x00007fff5f8b0000 - 0x00007fff5f8b9000 	C:\Windows\SYSTEM32\WSOCK32.dll
0x00007fff75530000 - 0x00007fff755a1000 	C:\Windows\System32\WS2_32.dll
0x00007fff6d430000 - 0x00007fff6d464000 	C:\Windows\SYSTEM32\WINMM.dll
0x00007fff734e0000 - 0x00007fff734f8000 	C:\Windows\SYSTEM32\kernel.appcore.dll
0x00007fff6c7f0000 - 0x00007fff6c7fa000 	C:\Program Files\Java\jdk-16\bin\jimage.dll
0x00007fff718d0000 - 0x00007fff71b02000 	C:\Windows\SYSTEM32\DBGHELP.DLL
0x00007fff74f20000 - 0x00007fff752ae000 	C:\Windows\System32\combase.dll
0x00007fff755b0000 - 0x00007fff75687000 	C:\Windows\System32\OLEAUT32.dll
0x00007fff6bf00000 - 0x00007fff6bf32000 	C:\Windows\SYSTEM32\dbgcore.DLL
0x00007fff74520000 - 0x00007fff7459b000 	C:\Windows\System32\bcryptPrimitives.dll
0x00007fff54010000 - 0x00007fff54035000 	C:\Program Files\Java\jdk-16\bin\java.dll

dbghelp: loaded successfully - version: 4.0.5 - missing functions: none
symbol engine: initialized successfully - sym options: 0x614 - pdb path: .;C:\Program Files\Java\jdk-16\bin;C:\Windows\SYSTEM32;C:\Windows\WinSxS\amd64_microsoft.windows.common-controls_6595b64144ccf1df_6.0.22621.3672_none_2713b9d173822955;C:\Program Files\Java\jdk-16\bin\server

VM Arguments:
jvm_args: -Dfile.encoding=UTF-8 --module-path=D:\Code\MongoDB_DoAn\build\classes 
java_command: Views.javaswingdev.main.Main
java_class_path (initial): D:\Code\MongoDB_DoAn\TimingFramework-0.55.jar;D:\Code\MongoDB_DoAn\gradient-icon-font.jar;D:\Code\MongoDB_DoAn\miglayout-4.0.jar;D:\Code\Java\Driver\mongodb-driver-core-5.1.0.jar;D:\Code\Java\Driver\mongodb-driver-sync-5.1.0.jar;D:\Code\Java\Driver\mongojdbc4.9.0.jar;D:\Code\Java\Driver\bson-5.1.0.jar;C:\Users\USER\Downloads\Jar\common-image-3.10.1.jar;D:\Code\MongoDB_DoAn\build\classes
Launcher Type: SUN_STANDARD

[Global flags]
     intx CICompilerCount                          = 4                                         {product} {ergonomic}
     uint ConcGCThreads                            = 2                                         {product} {ergonomic}
     uint G1ConcRefinementThreads                  = 8                                         {product} {ergonomic}
   size_t G1HeapRegionSize                         = 1048576                                   {product} {ergonomic}
    uintx GCDrainStackTargetSize                   = 64                                        {product} {ergonomic}
   size_t InitialHeapSize                          = 132120576                                 {product} {ergonomic}
   size_t MarkStackSize                            = 4194304                                   {product} {ergonomic}
   size_t MaxHeapSize                              = 2105540608                                {product} {ergonomic}
   size_t MinHeapDeltaBytes                        = 1048576                                   {product} {ergonomic}
   size_t MinHeapSize                              = 8388608                                   {product} {ergonomic}
    uintx NonNMethodCodeHeapSize                   = 5839372                                {pd product} {ergonomic}
    uintx NonProfiledCodeHeapSize                  = 122909434                              {pd product} {ergonomic}
    uintx ProfiledCodeHeapSize                     = 122909434                              {pd product} {ergonomic}
    uintx ReservedCodeCacheSize                    = 251658240                              {pd product} {ergonomic}
     bool SegmentedCodeCache                       = true                                      {product} {ergonomic}
   size_t SoftMaxHeapSize                          = 2105540608                             {manageable} {ergonomic}
     bool UseCompressedClassPointers               = true                           {product lp64_product} {ergonomic}
     bool UseCompressedOops                        = true                           {product lp64_product} {ergonomic}
     bool UseG1GC                                  = true                                      {product} {ergonomic}
     bool UseLargePagesIndividualAllocation        = false                                  {pd product} {ergonomic}

Logging:
Log output configuration:
 #0: stdout all=warning uptime,level,tags
 #1: stderr all=off uptime,level,tags

Environment Variables:
JAVA_HOME=C:\Program Files\RedHat\java-17-openjdk-17.0.8.0.7-1
PATH=D:\app\USER\product\12.1.0\dbhome_2\bin;D:\app\USER\product\12.1.0\dbhome_1\bin;C:\Program Files\Microsoft MPI\Bin\;C:\Program Files\Common Files\Oracle\Java\javapath;C:\Program Files\Eclipse Adoptium\jdk-21.0.1.12-hotspot\bin;C:\Windows\system32;C:\Windows;C:\Windows\System32\Wbem;C:\Windows\System32\WindowsPowerShell\v1.0\;C:\Windows\System32\OpenSSH\;C:\Program Files (x86)\NVIDIA Corporation\PhysX\Common;C:\Program Files\NVIDIA Corporation\NVIDIA NvDLISR;C:\Program Files\dotnet\;C:\Program Files\Cloudflare\Cloudflare WARP\;C:\Program Files\Microsoft SQL Server\Client SDK\ODBC\170\Tools\Binn\;C:\Program Files\Azure Data Studio\bin;C:\MinGW\bin;C:\Program Files\RedHat\java-17-openjdk-17.0.8.0.7-1\bin;C:\Program Files\nodejs\;D:\Study\HK4\PT\APPROSE\common;C:\Program Files\Git\cmd;C:\Program Files (x86)\Microsoft SQL Server\160\Tools\Binn\;C:\Program Files\Microsoft SQL Server\160\Tools\Binn\;C:\Program Files\Microsoft SQL Server\160\DTS\Binn\;C:\Program Files (x86)\Microsoft SQL Server\160\DTS\Binn\;C:\Program Files\Microsoft SQL Server\150\Tools\Binn\;C:\Program Files\Microsoft SQL Server\130\DTS\Binn\;C:\Program Files\Microsoft SQL Server\140\DTS\Binn\;C:\Program Files\Microsoft SQL Server\150\DTS\Binn\;C:\Users\USER\AppData\Local\Programs\Python\Python311\Scripts\;C:\Users\USER\AppData\Local\Programs\Python\Python311\;C:\Users\USER\AppData\Local\Microsoft\WindowsApps;d:\Users\USER\AppData\Local\Programs\Microsoft VS Code\bin;C:\Users\USER\.dotnet\tools;C:\Program Files\dotnet\sdk\7.0.305;C:\Program Files\Azure Data Studio\bin;C:\MinGW\bin;C:\Users\USER\AppData\Roaming\npm;C:\Users\USER\AppData\Local\gitkraken\bin
USERNAME=USER
OS=Windows_NT
PROCESSOR_IDENTIFIER=Intel64 Family 6 Model 165 Stepping 2, GenuineIntel



---------------  S Y S T E M  ---------------

OS:
 Windows 10 , 64 bit Build 22621 (10.0.22621.3958)
OS uptime: 7 days 8:48 hours

CPU: total 8 (initial active 8) (4 cores per cpu, 2 threads per core) family 6 model 165 stepping 2 microcode 0xe0, cx8, cmov, fxsr, ht, mmx, 3dnowpref, sse, sse2, sse3, ssse3, sse4.1, sse4.2, popcnt, lzcnt, tsc, tscinvbit, avx, avx2, aes, erms, clmul, bmi1, bmi2, adx, fma, vzeroupper, clflush, clflushopt

Memory: 4k page, system-wide physical 8029M (511M free)
TotalPageFile size 32605M (AvailPageFile size 34M)
current process WorkingSet (physical memory assigned to process): 11M, peak: 11M
current process commit charge ("private bytes"): 60M, peak: 186M

vm_info: Java HotSpot(TM) 64-Bit Server VM (16+36-2231) for windows-amd64 JRE (16+36-2231), built on Feb  8 2021 11:43:10 by "mach5one" with MS VC++ 16.7 (VS2019)

END.
